<?xml version="1.0" encoding="UTF-8"?>
<testng-results skipped="0" failed="0" total="1" passed="1">
  <reporter-output>
  </reporter-output>
  <suite name="MavenPrintMsgGit.MavenPrintMsgGitLearning.AppTest" duration-ms="20" started-at="2017-11-20T22:31:19Z" finished-at="2017-11-20T22:31:19Z">
    <groups>
    </groups>
    <test name="Command line test" duration-ms="20" started-at="2017-11-20T22:31:19Z" finished-at="2017-11-20T22:31:19Z">
      <class name="MavenPrintMsgGit.MavenPrintMsgGitLearning.AppTest">
        <test-method status="PASS" signature="testApp()" name="testApp" duration-ms="10" started-at="2017-11-20T22:31:19Z" finished-at="2017-11-20T22:31:19Z">
        </test-method>
      </class>
    </test>
  </suite>
</testng-results>
